TN:
SF:/Users/backend_1/Documents/Jeremy Reyes B./Projects/NodeJs/Test/platziverse/platziverse-db/index.js
FN:9,(anonymous_0)
FNF:1
FNH:1
FNDA:4,(anonymous_0)
DA:3,4
DA:4,4
DA:5,4
DA:6,4
DA:7,4
DA:9,4
DA:10,4
DA:22,4
DA:23,4
DA:24,4
DA:26,4
DA:27,4
DA:29,4
DA:31,4
DA:32,0
DA:35,4
DA:36,4
DA:38,4
LF:18
LH:17
BRDA:31,0,0,0
BRDA:31,0,1,4
BRF:2
BRH:1
end_of_record
TN:
SF:/Users/backend_1/Documents/Jeremy Reyes B./Projects/NodeJs/Test/platziverse/platziverse-db/lib/agent.js
FN:3,setupAgent
FN:5,createOrUpdate
FN:28,findById
FNF:3
FNH:3
FNDA:4,setupAgent
FNDA:1,createOrUpdate
FNDA:1,findById
DA:3,1
DA:6,1
DA:12,1
DA:14,1
DA:16,0
DA:17,0
DA:20,1
DA:23,1
DA:24,0
DA:29,1
DA:33,4
LF:11
LH:8
BRDA:14,0,0,0
BRDA:14,0,1,1
BRDA:17,1,0,0
BRDA:17,1,1,0
BRF:4
BRH:1
end_of_record
TN:
SF:/Users/backend_1/Documents/Jeremy Reyes B./Projects/NodeJs/Test/platziverse/platziverse-db/lib/db.js
FN:6,setupDatabase
FNF:1
FNH:1
FNDA:4,setupDatabase
DA:3,1
DA:4,1
DA:6,1
DA:7,4
DA:8,1
DA:11,4
LF:6
LH:6
BRDA:7,0,0,1
BRDA:7,0,1,3
BRF:2
BRH:2
end_of_record
TN:
SF:/Users/backend_1/Documents/Jeremy Reyes B./Projects/NodeJs/Test/platziverse/platziverse-db/models/agent.js
FN:6,setupAgentModel
FNF:1
FNH:0
FNDA:0,setupAgentModel
DA:3,1
DA:4,1
DA:6,1
DA:7,0
DA:9,0
LF:5
LH:3
BRF:0
BRH:0
end_of_record
TN:
SF:/Users/backend_1/Documents/Jeremy Reyes B./Projects/NodeJs/Test/platziverse/platziverse-db/models/metric.js
FN:6,setupMetricModel
FNF:1
FNH:0
FNDA:0,setupMetricModel
DA:3,1
DA:4,1
DA:6,1
DA:7,0
DA:9,0
LF:5
LH:3
BRF:0
BRH:0
end_of_record
TN:
SF:/Users/backend_1/Documents/Jeremy Reyes B./Projects/NodeJs/Test/platziverse/platziverse-db/tests/agent-tests.js
FN:4,(anonymous_0)
FN:4,PowerAssertRecorder
FN:4,_capt
FN:4,_expr
FN:13,(anonymous_4)
FN:33,(anonymous_5)
FN:52,(anonymous_6)
FN:53,(anonymous_7)
FN:59,(anonymous_8)
FN:63,(anonymous_9)
FN:76,(anonymous_10)
FN:117,(anonymous_11)
FN:154,(anonymous_12)
FNF:13
FNH:13
FNDA:1,(anonymous_0)
FNDA:11,PowerAssertRecorder
FNDA:26,_capt
FNDA:8,_expr
FNDA:4,(anonymous_4)
FNDA:4,(anonymous_5)
FNDA:4,(anonymous_6)
FNDA:4,(anonymous_7)
FNDA:3,(anonymous_8)
FNDA:1,(anonymous_9)
FNDA:1,(anonymous_10)
FNDA:1,(anonymous_11)
FNDA:1,(anonymous_12)
DA:3,1
DA:4,26
DA:6,1
DA:7,1
DA:8,1
DA:10,1
DA:12,1
DA:16,1
DA:20,1
DA:21,1
DA:22,1
DA:23,1
DA:24,1
DA:25,1
DA:27,1
DA:33,1
DA:34,4
DA:35,4
DA:40,4
DA:41,4
DA:44,4
DA:45,4
DA:48,4
DA:49,4
DA:51,4
DA:52,4
DA:53,4
DA:56,4
DA:59,1
DA:60,3
DA:63,1
DA:64,1
DA:66,1
DA:76,1
DA:77,1
DA:78,1
DA:79,1
DA:80,1
DA:82,1
DA:90,1
DA:98,1
DA:106,1
DA:117,1
DA:118,1
DA:119,1
DA:120,1
DA:122,1
DA:123,1
DA:132,1
DA:141,1
DA:151,1
DA:154,1
DA:155,1
DA:156,1
DA:157,1
DA:159,1
DA:161,1
DA:163,0
DA:172,0
DA:181,0
DA:191,0
LF:61
LH:57
BRDA:60,0,0,3
BRDA:60,0,1,3
BRF:2
BRH:2
end_of_record
TN:
SF:/Users/backend_1/Documents/Jeremy Reyes B./Projects/NodeJs/Test/platziverse/platziverse-db/tests/fixtures/agent.js
FN:22,extend
FN:30,(anonymous_1)
FN:31,(anonymous_2)
FN:32,(anonymous_3)
FN:32,(anonymous_4)
FN:33,(anonymous_5)
FN:33,(anonymous_6)
FNF:7
FNH:7
FNDA:3,extend
FNDA:4,(anonymous_1)
FNDA:4,(anonymous_2)
FNDA:4,(anonymous_3)
FNDA:16,(anonymous_4)
FNDA:5,(anonymous_5)
FNDA:20,(anonymous_6)
DA:3,1
DA:15,1
DA:23,3
DA:24,3
DA:27,1
DA:30,4
DA:31,4
DA:32,16
DA:33,20
LF:9
LH:9
BRF:0
BRH:0
end_of_record
